<?xml version="1.0" encoding="utf-8" standalone="no"?>
<test-run id="2" testcasecount="65" result="Passed" total="65" passed="65" failed="0" inconclusive="0" skipped="0" asserts="86" engine-version="3.0.5813.39036" clr-version="4.0.30319.42000" start-time="2016-03-25 23:07:46Z" end-time="2016-03-25 23:07:46Z" duration="0.673349">
  <command-line><![CDATA["E:\work\AutoFixture\Packages\NUnit.Console.3.0.1\tools\nunit3-console.exe"  .\src\AutoFixture.NUnit3.UnitTest\bin\Release\Ploeh.AutoFixture.NUnit3.UnitTest.dll]]></command-line>
  <test-suite type="Assembly" id="0-1115" name="Ploeh.AutoFixture.NUnit3.UnitTest.dll" fullname="E:\work\AutoFixture\src\AutoFixture.NUnit3.UnitTest\bin\Release\Ploeh.AutoFixture.NUnit3.UnitTest.dll" runstate="Runnable" testcasecount="65" result="Passed" start-time="2016-03-25 23:07:46Z" end-time="2016-03-25 23:07:46Z" duration="0.174793" total="65" passed="65" failed="0" inconclusive="0" skipped="0" asserts="86">
    <environment framework-version="3.0.5797.27539" clr-version="4.0.30319.42000" os-version="Microsoft Windows NT 6.1.7601 Service Pack 1" platform="Win32NT" cwd="E:\work\AutoFixture" machine-name="L77J95IJDDMSRBR" user="Administrator" user-domain="L77J95IJDDMSRBR" culture="zh-CN" uiculture="zh-CN" os-architecture="x86" />
    <settings>
      <setting name="WorkDirectory" value="E:\work\AutoFixture" />
      <setting name="NumberOfTestWorkers" value="4" />
    </settings>
    <properties>
      <property name="_PID" value="4912" />
      <property name="_APPDOMAIN" value="test-domain-" />
    </properties>
    <test-suite type="TestSuite" id="0-1116" name="Ploeh" fullname="Ploeh" runstate="Runnable" testcasecount="65" result="Passed" start-time="2016-03-25 23:07:46Z" end-time="2016-03-25 23:07:46Z" duration="0.162989" total="65" passed="65" failed="0" inconclusive="0" skipped="0" asserts="86">
      <test-suite type="TestSuite" id="0-1117" name="AutoFixture" fullname="Ploeh.AutoFixture" runstate="Runnable" testcasecount="65" result="Passed" start-time="2016-03-25 23:07:46Z" end-time="2016-03-25 23:07:46Z" duration="0.162857" total="65" passed="65" failed="0" inconclusive="0" skipped="0" asserts="86">
        <test-suite type="TestSuite" id="0-1118" name="NUnit3" fullname="Ploeh.AutoFixture.NUnit3" runstate="Runnable" testcasecount="65" result="Passed" start-time="2016-03-25 23:07:46Z" end-time="2016-03-25 23:07:46Z" duration="0.162844" total="65" passed="65" failed="0" inconclusive="0" skipped="0" asserts="86">
          <test-suite type="TestSuite" id="0-1119" name="UnitTest" fullname="Ploeh.AutoFixture.NUnit3.UnitTest" runstate="Runnable" testcasecount="65" result="Passed" start-time="2016-03-25 23:07:46Z" end-time="2016-03-25 23:07:46Z" duration="0.162832" total="65" passed="65" failed="0" inconclusive="0" skipped="0" asserts="86">
            <test-suite type="TestFixture" id="0-1000" name="AutoDataAttributeTest" fullname="Ploeh.AutoFixture.NUnit3.UnitTest.AutoDataAttributeTest" classname="Ploeh.AutoFixture.NUnit3.UnitTest.AutoDataAttributeTest" runstate="Runnable" testcasecount="5" result="Passed" start-time="2016-03-25 23:07:46Z" end-time="2016-03-25 23:07:46Z" duration="0.070202" total="5" passed="5" failed="0" inconclusive="0" skipped="0" asserts="6">
              <test-case id="0-1003" name="BuildFromYieldsRunnableTestMethod" fullname="Ploeh.AutoFixture.NUnit3.UnitTest.AutoDataAttributeTest.BuildFromYieldsRunnableTestMethod" methodname="BuildFromYieldsRunnableTestMethod" classname="Ploeh.AutoFixture.NUnit3.UnitTest.AutoDataAttributeTest" runstate="Runnable" seed="993609143" result="Passed" start-time="2016-03-25 23:07:46Z" end-time="2016-03-25 23:07:46Z" duration="0.012472" asserts="1" />
              <test-case id="0-1004" name="CanBeExtendedToTakeAnIFixture" fullname="Ploeh.AutoFixture.NUnit3.UnitTest.AutoDataAttributeTest.CanBeExtendedToTakeAnIFixture" methodname="CanBeExtendedToTakeAnIFixture" classname="Ploeh.AutoFixture.NUnit3.UnitTest.AutoDataAttributeTest" runstate="Runnable" seed="277322916" result="Passed" start-time="2016-03-25 23:07:46Z" end-time="2016-03-25 23:07:46Z" duration="0.003942" asserts="1" />
              <test-case id="0-1001" name="ExtendsAttribute" fullname="Ploeh.AutoFixture.NUnit3.UnitTest.AutoDataAttributeTest.ExtendsAttribute" methodname="ExtendsAttribute" classname="Ploeh.AutoFixture.NUnit3.UnitTest.AutoDataAttributeTest" runstate="Runnable" seed="798259755" result="Passed" start-time="2016-03-25 23:07:46Z" end-time="2016-03-25 23:07:46Z" duration="0.001272" asserts="1" />
              <test-case id="0-1005" name="IfCreateParametersThrowsExceptionThenReturnsNotRunnableTestMethodWithExceptionInfoAsSkipReason" fullname="Ploeh.AutoFixture.NUnit3.UnitTest.AutoDataAttributeTest.IfCreateParametersThrowsExceptionThenReturnsNotRunnableTestMethodWithExceptionInfoAsSkipReason" methodname="IfCreateParametersThrowsExceptionThenReturnsNotRunnableTestMethodWithExceptionInfoAsSkipReason" classname="Ploeh.AutoFixture.NUnit3.UnitTest.AutoDataAttributeTest" runstate="Runnable" seed="813987263" result="Passed" start-time="2016-03-25 23:07:46Z" end-time="2016-03-25 23:07:46Z" duration="0.037954" asserts="2" />
              <test-case id="0-1002" name="ImplementsITestBuilder" fullname="Ploeh.AutoFixture.NUnit3.UnitTest.AutoDataAttributeTest.ImplementsITestBuilder" methodname="ImplementsITestBuilder" classname="Ploeh.AutoFixture.NUnit3.UnitTest.AutoDataAttributeTest" runstate="Runnable" seed="1630670862" result="Passed" start-time="2016-03-25 23:07:46Z" end-time="2016-03-25 23:07:46Z" duration="0.000883" asserts="1" />
            </test-suite>
            <test-suite type="TestFixture" id="0-1006" name="CustomizeAttributeTest" fullname="Ploeh.AutoFixture.NUnit3.UnitTest.CustomizeAttributeTest" classname="Ploeh.AutoFixture.NUnit3.UnitTest.CustomizeAttributeTest" runstate="Runnable" testcasecount="2" result="Passed" start-time="2016-03-25 23:07:46Z" end-time="2016-03-25 23:07:46Z" duration="0.002442" total="2" passed="2" failed="0" inconclusive="0" skipped="0" asserts="2">
              <test-case id="0-1008" name="SutIsAttribute" fullname="Ploeh.AutoFixture.NUnit3.UnitTest.CustomizeAttributeTest.SutIsAttribute" methodname="SutIsAttribute" classname="Ploeh.AutoFixture.NUnit3.UnitTest.CustomizeAttributeTest" runstate="Runnable" seed="963478164" result="Passed" start-time="2016-03-25 23:07:46Z" end-time="2016-03-25 23:07:46Z" duration="0.001295" asserts="1" />
              <test-case id="0-1007" name="TestableSutIsSut" fullname="Ploeh.AutoFixture.NUnit3.UnitTest.CustomizeAttributeTest.TestableSutIsSut" methodname="TestableSutIsSut" classname="Ploeh.AutoFixture.NUnit3.UnitTest.CustomizeAttributeTest" runstate="Runnable" seed="1355097167" result="Passed" start-time="2016-03-25 23:07:46Z" end-time="2016-03-25 23:07:46Z" duration="0.000406" asserts="1" />
            </test-suite>
            <test-suite type="TestFixture" id="0-1009" name="FavorArraysAttributeTest" fullname="Ploeh.AutoFixture.NUnit3.UnitTest.FavorArraysAttributeTest" classname="Ploeh.AutoFixture.NUnit3.UnitTest.FavorArraysAttributeTest" runstate="Runnable" testcasecount="3" result="Passed" start-time="2016-03-25 23:07:46Z" end-time="2016-03-25 23:07:46Z" duration="0.006478" total="3" passed="3" failed="0" inconclusive="0" skipped="0" asserts="5">
              <test-case id="0-1011" name="GetCustomizationFromNullParameterThrows" fullname="Ploeh.AutoFixture.NUnit3.UnitTest.FavorArraysAttributeTest.GetCustomizationFromNullParameterThrows" methodname="GetCustomizationFromNullParameterThrows" classname="Ploeh.AutoFixture.NUnit3.UnitTest.FavorArraysAttributeTest" runstate="Runnable" seed="118089422" result="Passed" start-time="2016-03-25 23:07:46Z" end-time="2016-03-25 23:07:46Z" duration="0.003785" asserts="1" />
              <test-case id="0-1012" name="GetCustomizationReturnsCorrectResult" fullname="Ploeh.AutoFixture.NUnit3.UnitTest.FavorArraysAttributeTest.GetCustomizationReturnsCorrectResult" methodname="GetCustomizationReturnsCorrectResult" classname="Ploeh.AutoFixture.NUnit3.UnitTest.FavorArraysAttributeTest" runstate="Runnable" seed="1620750620" result="Passed" start-time="2016-03-25 23:07:46Z" end-time="2016-03-25 23:07:46Z" duration="0.001809" asserts="3" />
              <test-case id="0-1010" name="SutIsAttribute" fullname="Ploeh.AutoFixture.NUnit3.UnitTest.FavorArraysAttributeTest.SutIsAttribute" methodname="SutIsAttribute" classname="Ploeh.AutoFixture.NUnit3.UnitTest.FavorArraysAttributeTest" runstate="Runnable" seed="1272539657" result="Passed" start-time="2016-03-25 23:07:46Z" end-time="2016-03-25 23:07:46Z" duration="0.000255" asserts="1" />
            </test-suite>
            <test-suite type="TestFixture" id="0-1013" name="FavorEnumerablesAttributeTest" fullname="Ploeh.AutoFixture.NUnit3.UnitTest.FavorEnumerablesAttributeTest" classname="Ploeh.AutoFixture.NUnit3.UnitTest.FavorEnumerablesAttributeTest" runstate="Runnable" testcasecount="3" result="Passed" start-time="2016-03-25 23:07:46Z" end-time="2016-03-25 23:07:46Z" duration="0.004251" total="3" passed="3" failed="0" inconclusive="0" skipped="0" asserts="5">
              <test-case id="0-1015" name="GetCustomizationFromNullParameterThrows" fullname="Ploeh.AutoFixture.NUnit3.UnitTest.FavorEnumerablesAttributeTest.GetCustomizationFromNullParameterThrows" methodname="GetCustomizationFromNullParameterThrows" classname="Ploeh.AutoFixture.NUnit3.UnitTest.FavorEnumerablesAttributeTest" runstate="Runnable" seed="1888940438" result="Passed" start-time="2016-03-25 23:07:46Z" end-time="2016-03-25 23:07:46Z" duration="0.001073" asserts="1" />
              <test-case id="0-1016" name="GetCustomizationReturnsCorrectResult" fullname="Ploeh.AutoFixture.NUnit3.UnitTest.FavorEnumerablesAttributeTest.GetCustomizationReturnsCorrectResult" methodname="GetCustomizationReturnsCorrectResult" classname="Ploeh.AutoFixture.NUnit3.UnitTest.FavorEnumerablesAttributeTest" runstate="Runnable" seed="292299438" result="Passed" start-time="2016-03-25 23:07:46Z" end-time="2016-03-25 23:07:46Z" duration="0.001832" asserts="3" />
              <test-case id="0-1014" name="SutIsAttribute" fullname="Ploeh.AutoFixture.NUnit3.UnitTest.FavorEnumerablesAttributeTest.SutIsAttribute" methodname="SutIsAttribute" classname="Ploeh.AutoFixture.NUnit3.UnitTest.FavorEnumerablesAttributeTest" runstate="Runnable" seed="703520303" result="Passed" start-time="2016-03-25 23:07:46Z" end-time="2016-03-25 23:07:46Z" duration="0.000539" asserts="1" />
            </test-suite>
            <test-suite type="TestFixture" id="0-1017" name="FavorListsAttributeTest" fullname="Ploeh.AutoFixture.NUnit3.UnitTest.FavorListsAttributeTest" classname="Ploeh.AutoFixture.NUnit3.UnitTest.FavorListsAttributeTest" runstate="Runnable" testcasecount="3" result="Passed" start-time="2016-03-25 23:07:46Z" end-time="2016-03-25 23:07:46Z" duration="0.003294" total="3" passed="3" failed="0" inconclusive="0" skipped="0" asserts="5">
              <test-case id="0-1019" name="GetCustomizationFromNullParameterThrows" fullname="Ploeh.AutoFixture.NUnit3.UnitTest.FavorListsAttributeTest.GetCustomizationFromNullParameterThrows" methodname="GetCustomizationFromNullParameterThrows" classname="Ploeh.AutoFixture.NUnit3.UnitTest.FavorListsAttributeTest" runstate="Runnable" seed="1583111997" result="Passed" start-time="2016-03-25 23:07:46Z" end-time="2016-03-25 23:07:46Z" duration="0.001338" asserts="1" />
              <test-case id="0-1020" name="GetCustomizationReturnsCorrectResult" fullname="Ploeh.AutoFixture.NUnit3.UnitTest.FavorListsAttributeTest.GetCustomizationReturnsCorrectResult" methodname="GetCustomizationReturnsCorrectResult" classname="Ploeh.AutoFixture.NUnit3.UnitTest.FavorListsAttributeTest" runstate="Runnable" seed="304199382" result="Passed" start-time="2016-03-25 23:07:46Z" end-time="2016-03-25 23:07:46Z" duration="0.001011" asserts="3" />
              <test-case id="0-1018" name="SutIsAttribute" fullname="Ploeh.AutoFixture.NUnit3.UnitTest.FavorListsAttributeTest.SutIsAttribute" methodname="SutIsAttribute" classname="Ploeh.AutoFixture.NUnit3.UnitTest.FavorListsAttributeTest" runstate="Runnable" seed="1196887609" result="Passed" start-time="2016-03-25 23:07:46Z" end-time="2016-03-25 23:07:46Z" duration="0.000382" asserts="1" />
            </test-suite>
            <test-suite type="TestFixture" id="0-1021" name="FrozenAttributeTest" fullname="Ploeh.AutoFixture.NUnit3.UnitTest.FrozenAttributeTest" classname="Ploeh.AutoFixture.NUnit3.UnitTest.FrozenAttributeTest" runstate="Runnable" testcasecount="2" result="Passed" start-time="2016-03-25 23:07:46Z" end-time="2016-03-25 23:07:46Z" duration="0.003305" total="2" passed="2" failed="0" inconclusive="0" skipped="0" asserts="2">
              <test-case id="0-1023" name="GetCustomizationFromNullParameterThrows" fullname="Ploeh.AutoFixture.NUnit3.UnitTest.FrozenAttributeTest.GetCustomizationFromNullParameterThrows" methodname="GetCustomizationFromNullParameterThrows" classname="Ploeh.AutoFixture.NUnit3.UnitTest.FrozenAttributeTest" runstate="Runnable" seed="1923791459" result="Passed" start-time="2016-03-25 23:07:46Z" end-time="2016-03-25 23:07:46Z" duration="0.002537" asserts="1" />
              <test-case id="0-1022" name="SutIsAttribute" fullname="Ploeh.AutoFixture.NUnit3.UnitTest.FrozenAttributeTest.SutIsAttribute" methodname="SutIsAttribute" classname="Ploeh.AutoFixture.NUnit3.UnitTest.FrozenAttributeTest" runstate="Runnable" seed="1231727827" result="Passed" start-time="2016-03-25 23:07:46Z" end-time="2016-03-25 23:07:46Z" duration="0.000346" asserts="1" />
            </test-suite>
            <test-suite type="TestFixture" id="0-1024" name="GreedyAttributeTest" fullname="Ploeh.AutoFixture.NUnit3.UnitTest.GreedyAttributeTest" classname="Ploeh.AutoFixture.NUnit3.UnitTest.GreedyAttributeTest" runstate="Runnable" testcasecount="3" result="Passed" start-time="2016-03-25 23:07:46Z" end-time="2016-03-25 23:07:46Z" duration="0.002595" total="3" passed="3" failed="0" inconclusive="0" skipped="0" asserts="5">
              <test-case id="0-1026" name="GetCustomizationFromNullParamterThrows" fullname="Ploeh.AutoFixture.NUnit3.UnitTest.GreedyAttributeTest.GetCustomizationFromNullParamterThrows" methodname="GetCustomizationFromNullParamterThrows" classname="Ploeh.AutoFixture.NUnit3.UnitTest.GreedyAttributeTest" runstate="Runnable" seed="107278582" result="Passed" start-time="2016-03-25 23:07:46Z" end-time="2016-03-25 23:07:46Z" duration="0.000744" asserts="1" />
              <test-case id="0-1027" name="GetCustomizationReturnsCorrectResult" fullname="Ploeh.AutoFixture.NUnit3.UnitTest.GreedyAttributeTest.GetCustomizationReturnsCorrectResult" methodname="GetCustomizationReturnsCorrectResult" classname="Ploeh.AutoFixture.NUnit3.UnitTest.GreedyAttributeTest" runstate="Runnable" seed="129833087" result="Passed" start-time="2016-03-25 23:07:46Z" end-time="2016-03-25 23:07:46Z" duration="0.001030" asserts="3" />
              <test-case id="0-1025" name="SutIsAttribute" fullname="Ploeh.AutoFixture.NUnit3.UnitTest.GreedyAttributeTest.SutIsAttribute" methodname="SutIsAttribute" classname="Ploeh.AutoFixture.NUnit3.UnitTest.GreedyAttributeTest" runstate="Runnable" seed="1835946489" result="Passed" start-time="2016-03-25 23:07:46Z" end-time="2016-03-25 23:07:46Z" duration="0.000248" asserts="1" />
            </test-suite>
            <test-suite type="TestFixture" id="0-1028" name="ModestAttributeTest" fullname="Ploeh.AutoFixture.NUnit3.UnitTest.ModestAttributeTest" classname="Ploeh.AutoFixture.NUnit3.UnitTest.ModestAttributeTest" runstate="Runnable" testcasecount="3" result="Passed" start-time="2016-03-25 23:07:46Z" end-time="2016-03-25 23:07:46Z" duration="0.002765" total="3" passed="3" failed="0" inconclusive="0" skipped="0" asserts="5">
              <test-case id="0-1030" name="GetCustomizationFromNullParamterThrows" fullname="Ploeh.AutoFixture.NUnit3.UnitTest.ModestAttributeTest.GetCustomizationFromNullParamterThrows" methodname="GetCustomizationFromNullParamterThrows" classname="Ploeh.AutoFixture.NUnit3.UnitTest.ModestAttributeTest" runstate="Runnable" seed="1924427483" result="Passed" start-time="2016-03-25 23:07:46Z" end-time="2016-03-25 23:07:46Z" duration="0.000944" asserts="1" />
              <test-case id="0-1031" name="GetCustomizationReturnsCorrectResult" fullname="Ploeh.AutoFixture.NUnit3.UnitTest.ModestAttributeTest.GetCustomizationReturnsCorrectResult" methodname="GetCustomizationReturnsCorrectResult" classname="Ploeh.AutoFixture.NUnit3.UnitTest.ModestAttributeTest" runstate="Runnable" seed="105033491" result="Passed" start-time="2016-03-25 23:07:46Z" end-time="2016-03-25 23:07:46Z" duration="0.001031" asserts="3" />
              <test-case id="0-1029" name="SutIsAttribute" fullname="Ploeh.AutoFixture.NUnit3.UnitTest.ModestAttributeTest.SutIsAttribute" methodname="SutIsAttribute" classname="Ploeh.AutoFixture.NUnit3.UnitTest.ModestAttributeTest" runstate="Runnable" seed="502868772" result="Passed" start-time="2016-03-25 23:07:46Z" end-time="2016-03-25 23:07:46Z" duration="0.000255" asserts="1" />
            </test-suite>
            <test-suite type="TestFixture" id="0-1032" name="Scenario" fullname="Ploeh.AutoFixture.NUnit3.UnitTest.Scenario" classname="Ploeh.AutoFixture.NUnit3.UnitTest.Scenario" runstate="Runnable" testcasecount="41" result="Passed" start-time="2016-03-25 23:07:46Z" end-time="2016-03-25 23:07:46Z" duration="0.064849" total="41" passed="41" failed="0" inconclusive="0" skipped="0" asserts="51">
              <test-suite type="ParameterizedMethod" id="0-1034" name="AutoTestCaseProvidesCorrectInteger" fullname="Ploeh.AutoFixture.NUnit3.UnitTest.Scenario.AutoTestCaseProvidesCorrectInteger" runstate="Runnable" testcasecount="1" result="Passed" start-time="2016-03-25 23:07:46Z" end-time="2016-03-25 23:07:46Z" duration="0.013691" total="1" passed="1" failed="0" inconclusive="0" skipped="0" asserts="1">
                <test-case id="0-1033" name="AutoTestCaseProvidesCorrectInteger(26)" fullname="Ploeh.AutoFixture.NUnit3.UnitTest.Scenario.AutoTestCaseProvidesCorrectInteger(26)" methodname="AutoTestCaseProvidesCorrectInteger" classname="Ploeh.AutoFixture.NUnit3.UnitTest.Scenario" runstate="Runnable" seed="125979337" result="Passed" start-time="2016-03-25 23:07:46Z" end-time="2016-03-25 23:07:46Z" duration="0.011823" asserts="1" />
              </test-suite>
              <test-suite type="ParameterizedMethod" id="0-1038" name="AutoTestCaseProvidesCorrectObject" fullname="Ploeh.AutoFixture.NUnit3.UnitTest.Scenario.AutoTestCaseProvidesCorrectObject" runstate="Runnable" testcasecount="1" result="Passed" start-time="2016-03-25 23:07:46Z" end-time="2016-03-25 23:07:46Z" duration="0.003634" total="1" passed="1" failed="0" inconclusive="0" skipped="0" asserts="2">
                <test-case id="0-1037" name="AutoTestCaseProvidesCorrectObject(Ploeh.TestTypeFoundation.PropertyHolder`1[System.Version])" fullname="Ploeh.AutoFixture.NUnit3.UnitTest.Scenario.AutoTestCaseProvidesCorrectObject(Ploeh.TestTypeFoundation.PropertyHolder`1[System.Version])" methodname="AutoTestCaseProvidesCorrectObject" classname="Ploeh.AutoFixture.NUnit3.UnitTest.Scenario" runstate="Runnable" seed="320302720" result="Passed" start-time="2016-03-25 23:07:46Z" end-time="2016-03-25 23:07:46Z" duration="0.003253" asserts="2" />
              </test-suite>
              <test-suite type="ParameterizedMethod" id="0-1036" name="AutoTestCaseProvidesCorrectString" fullname="Ploeh.AutoFixture.NUnit3.UnitTest.Scenario.AutoTestCaseProvidesCorrectString" runstate="Runnable" testcasecount="1" result="Passed" start-time="2016-03-25 23:07:46Z" end-time="2016-03-25 23:07:46Z" duration="0.001081" total="1" passed="1" failed="0" inconclusive="0" skipped="0" asserts="1">
                <test-case id="0-1035" name="AutoTestCaseProvidesCorrectString(&quot;text8c537df4-5e7d-4ac8-a65e-7b1691315b9c&quot;)" fullname="Ploeh.AutoFixture.NUnit3.UnitTest.Scenario.AutoTestCaseProvidesCorrectString(&quot;text8c537df4-5e7d-4ac8-a65e-7b1691315b9c&quot;)" methodname="AutoTestCaseProvidesCorrectString" classname="Ploeh.AutoFixture.NUnit3.UnitTest.Scenario" runstate="Runnable" seed="1141276088" result="Passed" start-time="2016-03-25 23:07:46Z" end-time="2016-03-25 23:07:46Z" duration="0.000682" asserts="1" />
              </test-suite>
              <test-suite type="ParameterizedMethod" id="0-1040" name="AutoTestCaseProvidesMultipleObjects" fullname="Ploeh.AutoFixture.NUnit3.UnitTest.Scenario.AutoTestCaseProvidesMultipleObjects" runstate="Runnable" testcasecount="1" result="Passed" start-time="2016-03-25 23:07:46Z" end-time="2016-03-25 23:07:46Z" duration="0.002115" total="1" passed="1" failed="0" inconclusive="0" skipped="0" asserts="4">
                <test-case id="0-1039" name="AutoTestCaseProvidesMultipleObjects(Ploeh.TestTypeFoundation.PropertyHolder`1[System.Version],Ploeh.TestTypeFoundation.SingleParameterType`1[System.OperatingSystem])" fullname="Ploeh.AutoFixture.NUnit3.UnitTest.Scenario.AutoTestCaseProvidesMultipleObjects(Ploeh.TestTypeFoundation.PropertyHolder`1[System.Version],Ploeh.TestTypeFoundation.SingleParameterType`1[System.OperatingSystem])" methodname="AutoTestCaseProvidesMultipleObjects" classname="Ploeh.AutoFixture.NUnit3.UnitTest.Scenario" runstate="Runnable" seed="92483327" result="Passed" start-time="2016-03-25 23:07:46Z" end-time="2016-03-25 23:07:46Z" duration="0.001764" asserts="4" />
              </test-suite>
              <test-suite type="ParameterizedMethod" id="0-1052" name="BothFrozenAndGreedyAttributesCanBeAppliedToSameParameter" fullname="Ploeh.AutoFixture.NUnit3.UnitTest.Scenario.BothFrozenAndGreedyAttributesCanBeAppliedToSameParameter" runstate="Runnable" testcasecount="1" result="Passed" start-time="2016-03-25 23:07:46Z" end-time="2016-03-25 23:07:46Z" duration="0.002398" total="1" passed="1" failed="0" inconclusive="0" skipped="0" asserts="2">
                <test-case id="0-1051" name="BothFrozenAndGreedyAttributesCanBeAppliedToSameParameter(Ploeh.TestTypeFoundation.MultiUnorderedConstructorType,Ploeh.TestTypeFoundation.MultiUnorderedConstructorType)" fullname="Ploeh.AutoFixture.NUnit3.UnitTest.Scenario.BothFrozenAndGreedyAttributesCanBeAppliedToSameParameter(Ploeh.TestTypeFoundation.MultiUnorderedConstructorType,Ploeh.TestTypeFoundation.MultiUnorderedConstructorType)" methodname="BothFrozenAndGreedyAttributesCanBeAppliedToSameParameter" classname="Ploeh.AutoFixture.NUnit3.UnitTest.Scenario" runstate="Runnable" seed="1362768032" result="Passed" start-time="2016-03-25 23:07:46Z" end-time="2016-03-25 23:07:46Z" duration="0.002040" asserts="2" />
              </test-suite>
              <test-suite type="ParameterizedMethod" id="0-1054" name="BothFrozenAndGreedyAttributesCanBeAppliedToSameParameterRegardlessOfOrder" fullname="Ploeh.AutoFixture.NUnit3.UnitTest.Scenario.BothFrozenAndGreedyAttributesCanBeAppliedToSameParameterRegardlessOfOrder" runstate="Runnable" testcasecount="1" result="Passed" start-time="2016-03-25 23:07:46Z" end-time="2016-03-25 23:07:46Z" duration="0.001155" total="1" passed="1" failed="0" inconclusive="0" skipped="0" asserts="2">
                <test-case id="0-1053" name="BothFrozenAndGreedyAttributesCanBeAppliedToSameParameterRegardlessOfOrder(Ploeh.TestTypeFoundation.MultiUnorderedConstructorType,Ploeh.TestTypeFoundation.MultiUnorderedConstructorType)" fullname="Ploeh.AutoFixture.NUnit3.UnitTest.Scenario.BothFrozenAndGreedyAttributesCanBeAppliedToSameParameterRegardlessOfOrder(Ploeh.TestTypeFoundation.MultiUnorderedConstructorType,Ploeh.TestTypeFoundation.MultiUnorderedConstructorType)" methodname="BothFrozenAndGreedyAttributesCanBeAppliedToSameParameterRegardlessOfOrder" classname="Ploeh.AutoFixture.NUnit3.UnitTest.Scenario" runstate="Runnable" seed="1258373135" result="Passed" start-time="2016-03-25 23:07:46Z" end-time="2016-03-25 23:07:46Z" duration="0.000801" asserts="2" />
              </test-suite>
              <test-suite type="ParameterizedMethod" id="0-1056" name="FavorArraysCausesArrayConstructorToBeInjectedWithFrozenItems" fullname="Ploeh.AutoFixture.NUnit3.UnitTest.Scenario.FavorArraysCausesArrayConstructorToBeInjectedWithFrozenItems" runstate="Runnable" testcasecount="1" result="Passed" start-time="2016-03-25 23:07:46Z" end-time="2016-03-25 23:07:46Z" duration="0.002849" total="1" passed="1" failed="0" inconclusive="0" skipped="0" asserts="1">
                <test-case id="0-1055" name="FavorArraysCausesArrayConstructorToBeInjectedWithFrozenItems(System.Int32[],Ploeh.TestTypeFoundation.ItemContainer`1[System.Int32])" fullname="Ploeh.AutoFixture.NUnit3.UnitTest.Scenario.FavorArraysCausesArrayConstructorToBeInjectedWithFrozenItems(System.Int32[],Ploeh.TestTypeFoundation.ItemContainer`1[System.Int32])" methodname="FavorArraysCausesArrayConstructorToBeInjectedWithFrozenItems" classname="Ploeh.AutoFixture.NUnit3.UnitTest.Scenario" runstate="Runnable" seed="1342089395" result="Passed" start-time="2016-03-25 23:07:46Z" end-time="2016-03-25 23:07:46Z" duration="0.002239" asserts="1" />
              </test-suite>
              <test-suite type="ParameterizedMethod" id="0-1042" name="FreezeFirstParameter" fullname="Ploeh.AutoFixture.NUnit3.UnitTest.Scenario.FreezeFirstParameter" runstate="Runnable" testcasecount="1" result="Passed" start-time="2016-03-25 23:07:46Z" end-time="2016-03-25 23:07:46Z" duration="0.003568" total="1" passed="1" failed="0" inconclusive="0" skipped="0" asserts="1">
                <test-case id="0-1041" name="FreezeFirstParameter(b08e8524-5de6-40b8-af7c-371dc9ced87b,b08e8524-5de6-40b8-af7c-371dc9ced87b)" fullname="Ploeh.AutoFixture.NUnit3.UnitTest.Scenario.FreezeFirstParameter(b08e8524-5de6-40b8-af7c-371dc9ced87b,b08e8524-5de6-40b8-af7c-371dc9ced87b)" methodname="FreezeFirstParameter" classname="Ploeh.AutoFixture.NUnit3.UnitTest.Scenario" runstate="Runnable" seed="672876239" result="Passed" start-time="2016-03-25 23:07:46Z" end-time="2016-03-25 23:07:46Z" duration="0.003206" asserts="1" />
              </test-suite>
              <test-suite type="ParameterizedMethod" id="0-1064" name="FreezeFirstParameterByDirectBaseTypeShouldAssignSameInstanceToSecondParameter" fullname="Ploeh.AutoFixture.NUnit3.UnitTest.Scenario.FreezeFirstParameterByDirectBaseTypeShouldAssignSameInstanceToSecondParameter" runstate="Runnable" testcasecount="1" result="Passed" start-time="2016-03-25 23:07:46Z" end-time="2016-03-25 23:07:46Z" duration="0.001940" total="1" passed="1" failed="0" inconclusive="0" skipped="0" asserts="1">
                <test-case id="0-1063" name="FreezeFirstParameterByDirectBaseTypeShouldAssignSameInstanceToSecondParameter(Ploeh.TestTypeFoundation.ConcreteType,Ploeh.TestTypeFoundation.ConcreteType)" fullname="Ploeh.AutoFixture.NUnit3.UnitTest.Scenario.FreezeFirstParameterByDirectBaseTypeShouldAssignSameInstanceToSecondParameter(Ploeh.TestTypeFoundation.ConcreteType,Ploeh.TestTypeFoundation.ConcreteType)" methodname="FreezeFirstParameterByDirectBaseTypeShouldAssignSameInstanceToSecondParameter" classname="Ploeh.AutoFixture.NUnit3.UnitTest.Scenario" runstate="Runnable" seed="1000007207" result="Passed" start-time="2016-03-25 23:07:46Z" end-time="2016-03-25 23:07:46Z" duration="0.000829" asserts="1" />
              </test-suite>
              <test-suite type="ParameterizedMethod" id="0-1066" name="FreezeFirstParameterByDirectBaseTypeShouldNotAssignSameInstanceToSecondParameterOfIndirectBaseType" fullname="Ploeh.AutoFixture.NUnit3.UnitTest.Scenario.FreezeFirstParameterByDirectBaseTypeShouldNotAssignSameInstanceToSecondParameterOfIndirectBaseType" runstate="Runnable" testcasecount="1" result="Passed" start-time="2016-03-25 23:07:46Z" end-time="2016-03-25 23:07:46Z" duration="0.002023" total="1" passed="1" failed="0" inconclusive="0" skipped="0" asserts="1">
                <test-case id="0-1065" name="FreezeFirstParameterByDirectBaseTypeShouldNotAssignSameInstanceToSecondParameterOfIndirectBaseType(Ploeh.TestTypeFoundation.ConcreteType,System.Object)" fullname="Ploeh.AutoFixture.NUnit3.UnitTest.Scenario.FreezeFirstParameterByDirectBaseTypeShouldNotAssignSameInstanceToSecondParameterOfIndirectBaseType(Ploeh.TestTypeFoundation.ConcreteType,System.Object)" methodname="FreezeFirstParameterByDirectBaseTypeShouldNotAssignSameInstanceToSecondParameterOfIndirectBaseType" classname="Ploeh.AutoFixture.NUnit3.UnitTest.Scenario" runstate="Runnable" seed="1059289972" result="Passed" start-time="2016-03-25 23:07:46Z" end-time="2016-03-25 23:07:46Z" duration="0.000369" asserts="1" />
              </test-suite>
              <test-suite type="ParameterizedMethod" id="0-1068" name="FreezeFirstParameterByDirectBaseTypeShouldNotAssignSameInstanceToSecondParameterOfSameType" fullname="Ploeh.AutoFixture.NUnit3.UnitTest.Scenario.FreezeFirstParameterByDirectBaseTypeShouldNotAssignSameInstanceToSecondParameterOfSameType" runstate="Runnable" testcasecount="1" result="Passed" start-time="2016-03-25 23:07:46Z" end-time="2016-03-25 23:07:46Z" duration="0.000622" total="1" passed="1" failed="0" inconclusive="0" skipped="0" asserts="1">
                <test-case id="0-1067" name="FreezeFirstParameterByDirectBaseTypeShouldNotAssignSameInstanceToSecondParameterOfSameType(Ploeh.TestTypeFoundation.ConcreteType,Ploeh.TestTypeFoundation.ConcreteType)" fullname="Ploeh.AutoFixture.NUnit3.UnitTest.Scenario.FreezeFirstParameterByDirectBaseTypeShouldNotAssignSameInstanceToSecondParameterOfSameType(Ploeh.TestTypeFoundation.ConcreteType,Ploeh.TestTypeFoundation.ConcreteType)" methodname="FreezeFirstParameterByDirectBaseTypeShouldNotAssignSameInstanceToSecondParameterOfSameType" classname="Ploeh.AutoFixture.NUnit3.UnitTest.Scenario" runstate="Runnable" seed="2123137215" result="Passed" start-time="2016-03-25 23:07:46Z" end-time="2016-03-25 23:07:46Z" duration="0.000280" asserts="1" />
              </test-suite>
              <test-suite type="ParameterizedMethod" id="0-1078" name="FreezeFirstParameterByDirectOrInterfaceShouldAssignSameInstanceToSecondParameterOfSameType" fullname="Ploeh.AutoFixture.NUnit3.UnitTest.Scenario.FreezeFirstParameterByDirectOrInterfaceShouldAssignSameInstanceToSecondParameterOfSameType" runstate="Runnable" testcasecount="1" result="Passed" start-time="2016-03-25 23:07:46Z" end-time="2016-03-25 23:07:46Z" duration="0.001017" total="1" passed="1" failed="0" inconclusive="0" skipped="0" asserts="1">
                <test-case id="0-1077" name="FreezeFirstParameterByDirectOrInterfaceShouldAssignSameInstanceToSecondParameterOfSameType(Ploeh.TestTypeFoundation.NoopInterfaceImplementer,Ploeh.TestTypeFoundation.NoopInterfaceImplementer)" fullname="Ploeh.AutoFixture.NUnit3.UnitTest.Scenario.FreezeFirstParameterByDirectOrInterfaceShouldAssignSameInstanceToSecondParameterOfSameType(Ploeh.TestTypeFoundation.NoopInterfaceImplementer,Ploeh.TestTypeFoundation.NoopInterfaceImplementer)" methodname="FreezeFirstParameterByDirectOrInterfaceShouldAssignSameInstanceToSecondParameterOfSameType" classname="Ploeh.AutoFixture.NUnit3.UnitTest.Scenario" runstate="Runnable" seed="1840835382" result="Passed" start-time="2016-03-25 23:07:46Z" end-time="2016-03-25 23:07:46Z" duration="0.000434" asserts="1" />
              </test-suite>
              <test-suite type="ParameterizedMethod" id="0-1070" name="FreezeFirstParameterByExactOrDirectBaseTypeShouldAssignSameInstanceToSecondParameterOfSameType" fullname="Ploeh.AutoFixture.NUnit3.UnitTest.Scenario.FreezeFirstParameterByExactOrDirectBaseTypeShouldAssignSameInstanceToSecondParameterOfSameType" runstate="Runnable" testcasecount="1" result="Passed" start-time="2016-03-25 23:07:46Z" end-time="2016-03-25 23:07:46Z" duration="0.000941" total="1" passed="1" failed="0" inconclusive="0" skipped="0" asserts="1">
                <test-case id="0-1069" name="FreezeFirstParameterByExactOrDirectBaseTypeShouldAssignSameInstanceToSecondParameterOfSameType(Ploeh.TestTypeFoundation.ConcreteType,Ploeh.TestTypeFoundation.ConcreteType)" fullname="Ploeh.AutoFixture.NUnit3.UnitTest.Scenario.FreezeFirstParameterByExactOrDirectBaseTypeShouldAssignSameInstanceToSecondParameterOfSameType(Ploeh.TestTypeFoundation.ConcreteType,Ploeh.TestTypeFoundation.ConcreteType)" methodname="FreezeFirstParameterByExactOrDirectBaseTypeShouldAssignSameInstanceToSecondParameterOfSameType" classname="Ploeh.AutoFixture.NUnit3.UnitTest.Scenario" runstate="Runnable" seed="2141596860" result="Passed" start-time="2016-03-25 23:07:46Z" end-time="2016-03-25 23:07:46Z" duration="0.000592" asserts="1" />
              </test-suite>
              <test-suite type="ParameterizedMethod" id="0-1060" name="FreezeFirstParameterByExactTypeShouldAssignSameInstanceToSecondParameter" fullname="Ploeh.AutoFixture.NUnit3.UnitTest.Scenario.FreezeFirstParameterByExactTypeShouldAssignSameInstanceToSecondParameter" runstate="Runnable" testcasecount="1" result="Passed" start-time="2016-03-25 23:07:46Z" end-time="2016-03-25 23:07:46Z" duration="0.000732" total="1" passed="1" failed="0" inconclusive="0" skipped="0" asserts="1">
                <test-case id="0-1059" name="FreezeFirstParameterByExactTypeShouldAssignSameInstanceToSecondParameter(Ploeh.TestTypeFoundation.ConcreteType,Ploeh.TestTypeFoundation.ConcreteType)" fullname="Ploeh.AutoFixture.NUnit3.UnitTest.Scenario.FreezeFirstParameterByExactTypeShouldAssignSameInstanceToSecondParameter(Ploeh.TestTypeFoundation.ConcreteType,Ploeh.TestTypeFoundation.ConcreteType)" methodname="FreezeFirstParameterByExactTypeShouldAssignSameInstanceToSecondParameter" classname="Ploeh.AutoFixture.NUnit3.UnitTest.Scenario" runstate="Runnable" seed="542683330" result="Passed" start-time="2016-03-25 23:07:46Z" end-time="2016-03-25 23:07:46Z" duration="0.000385" asserts="1" />
              </test-suite>
              <test-suite type="ParameterizedMethod" id="0-1062" name="FreezeFirstParameterByExactTypeShouldNotAssignSameInstanceToSecondParameterOfDifferentType" fullname="Ploeh.AutoFixture.NUnit3.UnitTest.Scenario.FreezeFirstParameterByExactTypeShouldNotAssignSameInstanceToSecondParameterOfDifferentType" runstate="Runnable" testcasecount="1" result="Passed" start-time="2016-03-25 23:07:46Z" end-time="2016-03-25 23:07:46Z" duration="0.000800" total="1" passed="1" failed="0" inconclusive="0" skipped="0" asserts="1">
                <test-case id="0-1061" name="FreezeFirstParameterByExactTypeShouldNotAssignSameInstanceToSecondParameterOfDifferentType(Ploeh.TestTypeFoundation.ConcreteType,System.Object)" fullname="Ploeh.AutoFixture.NUnit3.UnitTest.Scenario.FreezeFirstParameterByExactTypeShouldNotAssignSameInstanceToSecondParameterOfDifferentType(Ploeh.TestTypeFoundation.ConcreteType,System.Object)" methodname="FreezeFirstParameterByExactTypeShouldNotAssignSameInstanceToSecondParameterOfDifferentType" classname="Ploeh.AutoFixture.NUnit3.UnitTest.Scenario" runstate="Runnable" seed="778681024" result="Passed" start-time="2016-03-25 23:07:46Z" end-time="2016-03-25 23:07:46Z" duration="0.000431" asserts="1" />
              </test-suite>
              <test-suite type="ParameterizedMethod" id="0-1094" name="FreezeFirstParameterByFieldWithDifferentNameShouldNotAssignSameInstanceToSecondParameter" fullname="Ploeh.AutoFixture.NUnit3.UnitTest.Scenario.FreezeFirstParameterByFieldWithDifferentNameShouldNotAssignSameInstanceToSecondParameter" runstate="Runnable" testcasecount="1" result="Passed" start-time="2016-03-25 23:07:46Z" end-time="2016-03-25 23:07:46Z" duration="0.000700" total="1" passed="1" failed="0" inconclusive="0" skipped="0" asserts="1">
                <test-case id="0-1093" name="FreezeFirstParameterByFieldWithDifferentNameShouldNotAssignSameInstanceToSecondParameter(&quot;c5f711aa-2104-4067-82f3-66036db75c64&quot;,Ploeh.TestTypeFoundation.FieldHolder`1[System.Object])" fullname="Ploeh.AutoFixture.NUnit3.UnitTest.Scenario.FreezeFirstParameterByFieldWithDifferentNameShouldNotAssignSameInstanceToSecondParameter(&quot;c5f711aa-2104-4067-82f3-66036db75c64&quot;,Ploeh.TestTypeFoundation.FieldHolder`1[System.Object])" methodname="FreezeFirstParameterByFieldWithDifferentNameShouldNotAssignSameInstanceToSecondParameter" classname="Ploeh.AutoFixture.NUnit3.UnitTest.Scenario" runstate="Runnable" seed="402348061" result="Passed" start-time="2016-03-25 23:07:46Z" end-time="2016-03-25 23:07:46Z" duration="0.000348" asserts="1" />
              </test-suite>
              <test-suite type="ParameterizedMethod" id="0-1096" name="FreezeFirstParameterByFieldWithDifferentNameShouldNotAssignSameInstanceToSecondParameterOfSameType" fullname="Ploeh.AutoFixture.NUnit3.UnitTest.Scenario.FreezeFirstParameterByFieldWithDifferentNameShouldNotAssignSameInstanceToSecondParameterOfSameType" runstate="Runnable" testcasecount="1" result="Passed" start-time="2016-03-25 23:07:46Z" end-time="2016-03-25 23:07:46Z" duration="0.000633" total="1" passed="1" failed="0" inconclusive="0" skipped="0" asserts="1">
                <test-case id="0-1095" name="FreezeFirstParameterByFieldWithDifferentNameShouldNotAssignSameInstanceToSecondParameterOfSameType(&quot;91a5f64a-c628-43cd-a0d4-17eb9d4b46f0&quot;,Ploeh.TestTypeFoundation.FieldHolder`1[System.String])" fullname="Ploeh.AutoFixture.NUnit3.UnitTest.Scenario.FreezeFirstParameterByFieldWithDifferentNameShouldNotAssignSameInstanceToSecondParameterOfSameType(&quot;91a5f64a-c628-43cd-a0d4-17eb9d4b46f0&quot;,Ploeh.TestTypeFoundation.FieldHolder`1[System.String])" methodname="FreezeFirstParameterByFieldWithDifferentNameShouldNotAssignSameInstanceToSecondParameterOfSameType" classname="Ploeh.AutoFixture.NUnit3.UnitTest.Scenario" runstate="Runnable" seed="1920844994" result="Passed" start-time="2016-03-25 23:07:46Z" end-time="2016-03-25 23:07:46Z" duration="0.000295" asserts="1" />
              </test-suite>
              <test-suite type="ParameterizedMethod" id="0-1092" name="FreezeFirstParameterByFieldWithSameNameShouldAssignSameInstanceToSecondParameter" fullname="Ploeh.AutoFixture.NUnit3.UnitTest.Scenario.FreezeFirstParameterByFieldWithSameNameShouldAssignSameInstanceToSecondParameter" runstate="Runnable" testcasecount="1" result="Passed" start-time="2016-03-25 23:07:46Z" end-time="2016-03-25 23:07:46Z" duration="0.001012" total="1" passed="1" failed="0" inconclusive="0" skipped="0" asserts="1">
                <test-case id="0-1091" name="FreezeFirstParameterByFieldWithSameNameShouldAssignSameInstanceToSecondParameter(&quot;39516ccc-30e8-450f-85b8-fe909e08b138&quot;,Ploeh.TestTypeFoundation.FieldHolder`1[System.Object])" fullname="Ploeh.AutoFixture.NUnit3.UnitTest.Scenario.FreezeFirstParameterByFieldWithSameNameShouldAssignSameInstanceToSecondParameter(&quot;39516ccc-30e8-450f-85b8-fe909e08b138&quot;,Ploeh.TestTypeFoundation.FieldHolder`1[System.Object])" methodname="FreezeFirstParameterByFieldWithSameNameShouldAssignSameInstanceToSecondParameter" classname="Ploeh.AutoFixture.NUnit3.UnitTest.Scenario" runstate="Runnable" seed="530669797" result="Passed" start-time="2016-03-25 23:07:46Z" end-time="2016-03-25 23:07:46Z" duration="0.000494" asserts="1" />
              </test-suite>
              <test-suite type="ParameterizedMethod" id="0-1072" name="FreezeFirstParameterByInterfaceShouldAssignSameInstanceToSecondParameter" fullname="Ploeh.AutoFixture.NUnit3.UnitTest.Scenario.FreezeFirstParameterByInterfaceShouldAssignSameInstanceToSecondParameter" runstate="Runnable" testcasecount="1" result="Passed" start-time="2016-03-25 23:07:46Z" end-time="2016-03-25 23:07:46Z" duration="0.000783" total="1" passed="1" failed="0" inconclusive="0" skipped="0" asserts="1">
                <test-case id="0-1071" name="FreezeFirstParameterByInterfaceShouldAssignSameInstanceToSecondParameter(Ploeh.TestTypeFoundation.NoopInterfaceImplementer,Ploeh.TestTypeFoundation.NoopInterfaceImplementer)" fullname="Ploeh.AutoFixture.NUnit3.UnitTest.Scenario.FreezeFirstParameterByInterfaceShouldAssignSameInstanceToSecondParameter(Ploeh.TestTypeFoundation.NoopInterfaceImplementer,Ploeh.TestTypeFoundation.NoopInterfaceImplementer)" methodname="FreezeFirstParameterByInterfaceShouldAssignSameInstanceToSecondParameter" classname="Ploeh.AutoFixture.NUnit3.UnitTest.Scenario" runstate="Runnable" seed="1740451291" result="Passed" start-time="2016-03-25 23:07:46Z" end-time="2016-03-25 23:07:46Z" duration="0.000418" asserts="1" />
              </test-suite>
              <test-suite type="ParameterizedMethod" id="0-1074" name="FreezeFirstParameterByInterfaceShouldNotAssignSameInstanceToSecondParameterOfNonInterfaceType" fullname="Ploeh.AutoFixture.NUnit3.UnitTest.Scenario.FreezeFirstParameterByInterfaceShouldNotAssignSameInstanceToSecondParameterOfNonInterfaceType" runstate="Runnable" testcasecount="1" result="Passed" start-time="2016-03-25 23:07:46Z" end-time="2016-03-25 23:07:46Z" duration="0.000777" total="1" passed="1" failed="0" inconclusive="0" skipped="0" asserts="1">
                <test-case id="0-1073" name="FreezeFirstParameterByInterfaceShouldNotAssignSameInstanceToSecondParameterOfNonInterfaceType(Ploeh.TestTypeFoundation.NoopInterfaceImplementer,System.Object)" fullname="Ploeh.AutoFixture.NUnit3.UnitTest.Scenario.FreezeFirstParameterByInterfaceShouldNotAssignSameInstanceToSecondParameterOfNonInterfaceType(Ploeh.TestTypeFoundation.NoopInterfaceImplementer,System.Object)" methodname="FreezeFirstParameterByInterfaceShouldNotAssignSameInstanceToSecondParameterOfNonInterfaceType" classname="Ploeh.AutoFixture.NUnit3.UnitTest.Scenario" runstate="Runnable" seed="1911442281" result="Passed" start-time="2016-03-25 23:07:46Z" end-time="2016-03-25 23:07:46Z" duration="0.000310" asserts="1" />
              </test-suite>
              <test-suite type="ParameterizedMethod" id="0-1076" name="FreezeFirstParameterByInterfaceShouldNotAssignSameInstanceToSecondParameterOfSameType" fullname="Ploeh.AutoFixture.NUnit3.UnitTest.Scenario.FreezeFirstParameterByInterfaceShouldNotAssignSameInstanceToSecondParameterOfSameType" runstate="Runnable" testcasecount="1" result="Passed" start-time="2016-03-25 23:07:46Z" end-time="2016-03-25 23:07:46Z" duration="0.001101" total="1" passed="1" failed="0" inconclusive="0" skipped="0" asserts="1">
                <test-case id="0-1075" name="FreezeFirstParameterByInterfaceShouldNotAssignSameInstanceToSecondParameterOfSameType(Ploeh.TestTypeFoundation.NoopInterfaceImplementer,Ploeh.TestTypeFoundation.NoopInterfaceImplementer)" fullname="Ploeh.AutoFixture.NUnit3.UnitTest.Scenario.FreezeFirstParameterByInterfaceShouldNotAssignSameInstanceToSecondParameterOfSameType(Ploeh.TestTypeFoundation.NoopInterfaceImplementer,Ploeh.TestTypeFoundation.NoopInterfaceImplementer)" methodname="FreezeFirstParameterByInterfaceShouldNotAssignSameInstanceToSecondParameterOfSameType" classname="Ploeh.AutoFixture.NUnit3.UnitTest.Scenario" runstate="Runnable" seed="1710867645" result="Passed" start-time="2016-03-25 23:07:46Z" end-time="2016-03-25 23:07:46Z" duration="0.000399" asserts="1" />
              </test-suite>
              <test-suite type="ParameterizedMethod" id="0-1112" name="FreezeFirstParameterByMemberWithDifferentNameShouldNotAssignSameInstanceToField" fullname="Ploeh.AutoFixture.NUnit3.UnitTest.Scenario.FreezeFirstParameterByMemberWithDifferentNameShouldNotAssignSameInstanceToField" runstate="Runnable" testcasecount="1" result="Passed" start-time="2016-03-25 23:07:46Z" end-time="2016-03-25 23:07:46Z" duration="0.003003" total="1" passed="1" failed="0" inconclusive="0" skipped="0" asserts="1">
                <test-case id="0-1111" name="FreezeFirstParameterByMemberWithDifferentNameShouldNotAssignSameInstanceToField(&quot;a69d7b15-59e4-4ed3-ba08-07d7d90335ec&quot;,Ploeh.TestTypeFoundation.FieldHolder`1[System.Object])" fullname="Ploeh.AutoFixture.NUnit3.UnitTest.Scenario.FreezeFirstParameterByMemberWithDifferentNameShouldNotAssignSameInstanceToField(&quot;a69d7b15-59e4-4ed3-ba08-07d7d90335ec&quot;,Ploeh.TestTypeFoundation.FieldHolder`1[System.Object])" methodname="FreezeFirstParameterByMemberWithDifferentNameShouldNotAssignSameInstanceToField" classname="Ploeh.AutoFixture.NUnit3.UnitTest.Scenario" runstate="Runnable" seed="566240932" result="Passed" start-time="2016-03-25 23:07:46Z" end-time="2016-03-25 23:07:46Z" duration="0.000429" asserts="1" />
              </test-suite>
              <test-suite type="ParameterizedMethod" id="0-1114" name="FreezeFirstParameterByMemberWithDifferentNameShouldNotAssignSameInstanceToFieldOfSameType" fullname="Ploeh.AutoFixture.NUnit3.UnitTest.Scenario.FreezeFirstParameterByMemberWithDifferentNameShouldNotAssignSameInstanceToFieldOfSameType" runstate="Runnable" testcasecount="1" result="Passed" start-time="2016-03-25 23:07:46Z" end-time="2016-03-25 23:07:46Z" duration="0.000658" total="1" passed="1" failed="0" inconclusive="0" skipped="0" asserts="1">
                <test-case id="0-1113" name="FreezeFirstParameterByMemberWithDifferentNameShouldNotAssignSameInstanceToFieldOfSameType(&quot;60b81a80-2467-4fde-85e9-e369f013b8ff&quot;,Ploeh.TestTypeFoundation.FieldHolder`1[System.String])" fullname="Ploeh.AutoFixture.NUnit3.UnitTest.Scenario.FreezeFirstParameterByMemberWithDifferentNameShouldNotAssignSameInstanceToFieldOfSameType(&quot;60b81a80-2467-4fde-85e9-e369f013b8ff&quot;,Ploeh.TestTypeFoundation.FieldHolder`1[System.String])" methodname="FreezeFirstParameterByMemberWithDifferentNameShouldNotAssignSameInstanceToFieldOfSameType" classname="Ploeh.AutoFixture.NUnit3.UnitTest.Scenario" runstate="Runnable" seed="1444150329" result="Passed" start-time="2016-03-25 23:07:46Z" end-time="2016-03-25 23:07:46Z" duration="0.000306" asserts="1" />
              </test-suite>
              <test-suite type="ParameterizedMethod" id="0-1100" name="FreezeFirstParameterByMemberWithDifferentNameShouldNotAssignSameInstanceToParameter" fullname="Ploeh.AutoFixture.NUnit3.UnitTest.Scenario.FreezeFirstParameterByMemberWithDifferentNameShouldNotAssignSameInstanceToParameter" runstate="Runnable" testcasecount="1" result="Passed" start-time="2016-03-25 23:07:46Z" end-time="2016-03-25 23:07:46Z" duration="0.000674" total="1" passed="1" failed="0" inconclusive="0" skipped="0" asserts="1">
                <test-case id="0-1099" name="FreezeFirstParameterByMemberWithDifferentNameShouldNotAssignSameInstanceToParameter(&quot;5b2736a6-a416-47e8-8e34-e8b8dedc59ce&quot;,Ploeh.TestTypeFoundation.SingleParameterType`1[System.Object])" fullname="Ploeh.AutoFixture.NUnit3.UnitTest.Scenario.FreezeFirstParameterByMemberWithDifferentNameShouldNotAssignSameInstanceToParameter(&quot;5b2736a6-a416-47e8-8e34-e8b8dedc59ce&quot;,Ploeh.TestTypeFoundation.SingleParameterType`1[System.Object])" methodname="FreezeFirstParameterByMemberWithDifferentNameShouldNotAssignSameInstanceToParameter" classname="Ploeh.AutoFixture.NUnit3.UnitTest.Scenario" runstate="Runnable" seed="1152925991" result="Passed" start-time="2016-03-25 23:07:46Z" end-time="2016-03-25 23:07:46Z" duration="0.000338" asserts="1" />
              </test-suite>
              <test-suite type="ParameterizedMethod" id="0-1102" name="FreezeFirstParameterByMemberWithDifferentNameShouldNotAssignSameInstanceToParameterOfSameType" fullname="Ploeh.AutoFixture.NUnit3.UnitTest.Scenario.FreezeFirstParameterByMemberWithDifferentNameShouldNotAssignSameInstanceToParameterOfSameType" runstate="Runnable" testcasecount="1" result="Passed" start-time="2016-03-25 23:07:46Z" end-time="2016-03-25 23:07:46Z" duration="0.000642" total="1" passed="1" failed="0" inconclusive="0" skipped="0" asserts="1">
                <test-case id="0-1101" name="FreezeFirstParameterByMemberWithDifferentNameShouldNotAssignSameInstanceToParameterOfSameType(&quot;841b6b13-7f34-48e9-88d4-3dabba6fdf04&quot;,Ploeh.TestTypeFoundation.SingleParameterType`1[System.String])" fullname="Ploeh.AutoFixture.NUnit3.UnitTest.Scenario.FreezeFirstParameterByMemberWithDifferentNameShouldNotAssignSameInstanceToParameterOfSameType(&quot;841b6b13-7f34-48e9-88d4-3dabba6fdf04&quot;,Ploeh.TestTypeFoundation.SingleParameterType`1[System.String])" methodname="FreezeFirstParameterByMemberWithDifferentNameShouldNotAssignSameInstanceToParameterOfSameType" classname="Ploeh.AutoFixture.NUnit3.UnitTest.Scenario" runstate="Runnable" seed="205385863" result="Passed" start-time="2016-03-25 23:07:46Z" end-time="2016-03-25 23:07:46Z" duration="0.000308" asserts="1" />
              </test-suite>
              <test-suite type="ParameterizedMethod" id="0-1106" name="FreezeFirstParameterByMemberWithDifferentNameShouldNotAssignSameInstanceToProperty" fullname="Ploeh.AutoFixture.NUnit3.UnitTest.Scenario.FreezeFirstParameterByMemberWithDifferentNameShouldNotAssignSameInstanceToProperty" runstate="Runnable" testcasecount="1" result="Passed" start-time="2016-03-25 23:07:46Z" end-time="2016-03-25 23:07:46Z" duration="0.000659" total="1" passed="1" failed="0" inconclusive="0" skipped="0" asserts="1">
                <test-case id="0-1105" name="FreezeFirstParameterByMemberWithDifferentNameShouldNotAssignSameInstanceToProperty(&quot;99c3d878-6832-42b9-a6e9-23ceea181169&quot;,Ploeh.TestTypeFoundation.PropertyHolder`1[System.Object])" fullname="Ploeh.AutoFixture.NUnit3.UnitTest.Scenario.FreezeFirstParameterByMemberWithDifferentNameShouldNotAssignSameInstanceToProperty(&quot;99c3d878-6832-42b9-a6e9-23ceea181169&quot;,Ploeh.TestTypeFoundation.PropertyHolder`1[System.Object])" methodname="FreezeFirstParameterByMemberWithDifferentNameShouldNotAssignSameInstanceToProperty" classname="Ploeh.AutoFixture.NUnit3.UnitTest.Scenario" runstate="Runnable" seed="403573844" result="Passed" start-time="2016-03-25 23:07:46Z" end-time="2016-03-25 23:07:46Z" duration="0.000320" asserts="1" />
              </test-suite>
              <test-suite type="ParameterizedMethod" id="0-1108" name="FreezeFirstParameterByMemberWithDifferentNameShouldNotAssignSameInstanceToPropertyOfSameType" fullname="Ploeh.AutoFixture.NUnit3.UnitTest.Scenario.FreezeFirstParameterByMemberWithDifferentNameShouldNotAssignSameInstanceToPropertyOfSameType" runstate="Runnable" testcasecount="1" result="Passed" start-time="2016-03-25 23:07:46Z" end-time="2016-03-25 23:07:46Z" duration="0.000645" total="1" passed="1" failed="0" inconclusive="0" skipped="0" asserts="1">
                <test-case id="0-1107" name="FreezeFirstParameterByMemberWithDifferentNameShouldNotAssignSameInstanceToPropertyOfSameType(&quot;ed29bcac-d9e8-4fa0-8b15-10a429542f37&quot;,Ploeh.TestTypeFoundation.PropertyHolder`1[System.String])" fullname="Ploeh.AutoFixture.NUnit3.UnitTest.Scenario.FreezeFirstParameterByMemberWithDifferentNameShouldNotAssignSameInstanceToPropertyOfSameType(&quot;ed29bcac-d9e8-4fa0-8b15-10a429542f37&quot;,Ploeh.TestTypeFoundation.PropertyHolder`1[System.String])" methodname="FreezeFirstParameterByMemberWithDifferentNameShouldNotAssignSameInstanceToPropertyOfSameType" classname="Ploeh.AutoFixture.NUnit3.UnitTest.Scenario" runstate="Runnable" seed="140378060" result="Passed" start-time="2016-03-25 23:07:46Z" end-time="2016-03-25 23:07:46Z" duration="0.000310" asserts="1" />
              </test-suite>
              <test-suite type="ParameterizedMethod" id="0-1110" name="FreezeFirstParameterByMemberWithSameNameShouldAssignSameInstanceToMatchingField" fullname="Ploeh.AutoFixture.NUnit3.UnitTest.Scenario.FreezeFirstParameterByMemberWithSameNameShouldAssignSameInstanceToMatchingField" runstate="Runnable" testcasecount="1" result="Passed" start-time="2016-03-25 23:07:46Z" end-time="2016-03-25 23:07:46Z" duration="0.000754" total="1" passed="1" failed="0" inconclusive="0" skipped="0" asserts="1">
                <test-case id="0-1109" name="FreezeFirstParameterByMemberWithSameNameShouldAssignSameInstanceToMatchingField(&quot;f84559fd-a410-4e7b-bba0-1e7e1b502c1c&quot;,Ploeh.TestTypeFoundation.FieldHolder`1[System.Object])" fullname="Ploeh.AutoFixture.NUnit3.UnitTest.Scenario.FreezeFirstParameterByMemberWithSameNameShouldAssignSameInstanceToMatchingField(&quot;f84559fd-a410-4e7b-bba0-1e7e1b502c1c&quot;,Ploeh.TestTypeFoundation.FieldHolder`1[System.Object])" methodname="FreezeFirstParameterByMemberWithSameNameShouldAssignSameInstanceToMatchingField" classname="Ploeh.AutoFixture.NUnit3.UnitTest.Scenario" runstate="Runnable" seed="1391394404" result="Passed" start-time="2016-03-25 23:07:46Z" end-time="2016-03-25 23:07:46Z" duration="0.000416" asserts="1" />
              </test-suite>
              <test-suite type="ParameterizedMethod" id="0-1098" name="FreezeFirstParameterByMemberWithSameNameShouldAssignSameInstanceToMatchingParameter" fullname="Ploeh.AutoFixture.NUnit3.UnitTest.Scenario.FreezeFirstParameterByMemberWithSameNameShouldAssignSameInstanceToMatchingParameter" runstate="Runnable" testcasecount="1" result="Passed" start-time="2016-03-25 23:07:46Z" end-time="2016-03-25 23:07:46Z" duration="0.000754" total="1" passed="1" failed="0" inconclusive="0" skipped="0" asserts="1">
                <test-case id="0-1097" name="FreezeFirstParameterByMemberWithSameNameShouldAssignSameInstanceToMatchingParameter(&quot;cebcdf7b-4c4d-4232-b149-c354079c1239&quot;,Ploeh.TestTypeFoundation.SingleParameterType`1[System.Object])" fullname="Ploeh.AutoFixture.NUnit3.UnitTest.Scenario.FreezeFirstParameterByMemberWithSameNameShouldAssignSameInstanceToMatchingParameter(&quot;cebcdf7b-4c4d-4232-b149-c354079c1239&quot;,Ploeh.TestTypeFoundation.SingleParameterType`1[System.Object])" methodname="FreezeFirstParameterByMemberWithSameNameShouldAssignSameInstanceToMatchingParameter" classname="Ploeh.AutoFixture.NUnit3.UnitTest.Scenario" runstate="Runnable" seed="2102733455" result="Passed" start-time="2016-03-25 23:07:46Z" end-time="2016-03-25 23:07:46Z" duration="0.000415" asserts="1" />
              </test-suite>
              <test-suite type="ParameterizedMethod" id="0-1104" name="FreezeFirstParameterByMemberWithSameNameShouldAssignSameInstanceToMatchingProperty" fullname="Ploeh.AutoFixture.NUnit3.UnitTest.Scenario.FreezeFirstParameterByMemberWithSameNameShouldAssignSameInstanceToMatchingProperty" runstate="Runnable" testcasecount="1" result="Passed" start-time="2016-03-25 23:07:46Z" end-time="2016-03-25 23:07:46Z" duration="0.000759" total="1" passed="1" failed="0" inconclusive="0" skipped="0" asserts="1">
                <test-case id="0-1103" name="FreezeFirstParameterByMemberWithSameNameShouldAssignSameInstanceToMatchingProperty(&quot;4208f5e0-2f8d-42aa-9f2b-b3cc4df46ef5&quot;,Ploeh.TestTypeFoundation.PropertyHolder`1[System.Object])" fullname="Ploeh.AutoFixture.NUnit3.UnitTest.Scenario.FreezeFirstParameterByMemberWithSameNameShouldAssignSameInstanceToMatchingProperty(&quot;4208f5e0-2f8d-42aa-9f2b-b3cc4df46ef5&quot;,Ploeh.TestTypeFoundation.PropertyHolder`1[System.Object])" methodname="FreezeFirstParameterByMemberWithSameNameShouldAssignSameInstanceToMatchingProperty" classname="Ploeh.AutoFixture.NUnit3.UnitTest.Scenario" runstate="Runnable" seed="1576430937" result="Passed" start-time="2016-03-25 23:07:46Z" end-time="2016-03-25 23:07:46Z" duration="0.000411" asserts="1" />
              </test-suite>
              <test-suite type="ParameterizedMethod" id="0-1082" name="FreezeFirstParameterByParameterWithDifferentNameShouldNotAssignSameInstanceToSecondParameter" fullname="Ploeh.AutoFixture.NUnit3.UnitTest.Scenario.FreezeFirstParameterByParameterWithDifferentNameShouldNotAssignSameInstanceToSecondParameter" runstate="Runnable" testcasecount="1" result="Passed" start-time="2016-03-25 23:07:46Z" end-time="2016-03-25 23:07:46Z" duration="0.000674" total="1" passed="1" failed="0" inconclusive="0" skipped="0" asserts="1">
                <test-case id="0-1081" name="FreezeFirstParameterByParameterWithDifferentNameShouldNotAssignSameInstanceToSecondParameter(&quot;a7aa6722-fb69-4372-9a05-63283e47b423&quot;,Ploeh.TestTypeFoundation.SingleParameterType`1[System.Object])" fullname="Ploeh.AutoFixture.NUnit3.UnitTest.Scenario.FreezeFirstParameterByParameterWithDifferentNameShouldNotAssignSameInstanceToSecondParameter(&quot;a7aa6722-fb69-4372-9a05-63283e47b423&quot;,Ploeh.TestTypeFoundation.SingleParameterType`1[System.Object])" methodname="FreezeFirstParameterByParameterWithDifferentNameShouldNotAssignSameInstanceToSecondParameter" classname="Ploeh.AutoFixture.NUnit3.UnitTest.Scenario" runstate="Runnable" seed="1660007179" result="Passed" start-time="2016-03-25 23:07:46Z" end-time="2016-03-25 23:07:46Z" duration="0.000339" asserts="1" />
              </test-suite>
              <test-suite type="ParameterizedMethod" id="0-1084" name="FreezeFirstParameterByParameterWithDifferentNameShouldNotAssignSameInstanceToSecondParameterOfSameType" fullname="Ploeh.AutoFixture.NUnit3.UnitTest.Scenario.FreezeFirstParameterByParameterWithDifferentNameShouldNotAssignSameInstanceToSecondParameterOfSameType" runstate="Runnable" testcasecount="1" result="Passed" start-time="2016-03-25 23:07:46Z" end-time="2016-03-25 23:07:46Z" duration="0.000663" total="1" passed="1" failed="0" inconclusive="0" skipped="0" asserts="1">
                <test-case id="0-1083" name="FreezeFirstParameterByParameterWithDifferentNameShouldNotAssignSameInstanceToSecondParameterOfSameType(&quot;258512a1-0e43-4f98-b23a-456339c3c06f&quot;,Ploeh.TestTypeFoundation.SingleParameterType`1[System.String])" fullname="Ploeh.AutoFixture.NUnit3.UnitTest.Scenario.FreezeFirstParameterByParameterWithDifferentNameShouldNotAssignSameInstanceToSecondParameterOfSameType(&quot;258512a1-0e43-4f98-b23a-456339c3c06f&quot;,Ploeh.TestTypeFoundation.SingleParameterType`1[System.String])" methodname="FreezeFirstParameterByParameterWithDifferentNameShouldNotAssignSameInstanceToSecondParameterOfSameType" classname="Ploeh.AutoFixture.NUnit3.UnitTest.Scenario" runstate="Runnable" seed="705103592" result="Passed" start-time="2016-03-25 23:07:46Z" end-time="2016-03-25 23:07:46Z" duration="0.000318" asserts="1" />
              </test-suite>
              <test-suite type="ParameterizedMethod" id="0-1080" name="FreezeFirstParameterByParameterWithSameNameShouldAssignSameInstanceToSecondParameter" fullname="Ploeh.AutoFixture.NUnit3.UnitTest.Scenario.FreezeFirstParameterByParameterWithSameNameShouldAssignSameInstanceToSecondParameter" runstate="Runnable" testcasecount="1" result="Passed" start-time="2016-03-25 23:07:46Z" end-time="2016-03-25 23:07:46Z" duration="0.000757" total="1" passed="1" failed="0" inconclusive="0" skipped="0" asserts="1">
                <test-case id="0-1079" name="FreezeFirstParameterByParameterWithSameNameShouldAssignSameInstanceToSecondParameter(&quot;4b92baaa-ad32-450a-80f8-0ee042faa808&quot;,Ploeh.TestTypeFoundation.SingleParameterType`1[System.Object])" fullname="Ploeh.AutoFixture.NUnit3.UnitTest.Scenario.FreezeFirstParameterByParameterWithSameNameShouldAssignSameInstanceToSecondParameter(&quot;4b92baaa-ad32-450a-80f8-0ee042faa808&quot;,Ploeh.TestTypeFoundation.SingleParameterType`1[System.Object])" methodname="FreezeFirstParameterByParameterWithSameNameShouldAssignSameInstanceToSecondParameter" classname="Ploeh.AutoFixture.NUnit3.UnitTest.Scenario" runstate="Runnable" seed="965637894" result="Passed" start-time="2016-03-25 23:07:46Z" end-time="2016-03-25 23:07:46Z" duration="0.000418" asserts="1" />
              </test-suite>
              <test-suite type="ParameterizedMethod" id="0-1088" name="FreezeFirstParameterByPropertyWithDifferentNameShouldNotAssignSameInstanceToSecondParameter" fullname="Ploeh.AutoFixture.NUnit3.UnitTest.Scenario.FreezeFirstParameterByPropertyWithDifferentNameShouldNotAssignSameInstanceToSecondParameter" runstate="Runnable" testcasecount="1" result="Passed" start-time="2016-03-25 23:07:46Z" end-time="2016-03-25 23:07:46Z" duration="0.000672" total="1" passed="1" failed="0" inconclusive="0" skipped="0" asserts="1">
                <test-case id="0-1087" name="FreezeFirstParameterByPropertyWithDifferentNameShouldNotAssignSameInstanceToSecondParameter(&quot;75433cbd-3532-4b1e-b559-b19276799296&quot;,Ploeh.TestTypeFoundation.PropertyHolder`1[System.Object])" fullname="Ploeh.AutoFixture.NUnit3.UnitTest.Scenario.FreezeFirstParameterByPropertyWithDifferentNameShouldNotAssignSameInstanceToSecondParameter(&quot;75433cbd-3532-4b1e-b559-b19276799296&quot;,Ploeh.TestTypeFoundation.PropertyHolder`1[System.Object])" methodname="FreezeFirstParameterByPropertyWithDifferentNameShouldNotAssignSameInstanceToSecondParameter" classname="Ploeh.AutoFixture.NUnit3.UnitTest.Scenario" runstate="Runnable" seed="944794627" result="Passed" start-time="2016-03-25 23:07:46Z" end-time="2016-03-25 23:07:46Z" duration="0.000331" asserts="1" />
              </test-suite>
              <test-suite type="ParameterizedMethod" id="0-1090" name="FreezeFirstParameterByPropertyWithDifferentNameShouldNotAssignSameInstanceToSecondParameterOfSameType" fullname="Ploeh.AutoFixture.NUnit3.UnitTest.Scenario.FreezeFirstParameterByPropertyWithDifferentNameShouldNotAssignSameInstanceToSecondParameterOfSameType" runstate="Runnable" testcasecount="1" result="Passed" start-time="2016-03-25 23:07:46Z" end-time="2016-03-25 23:07:46Z" duration="0.000650" total="1" passed="1" failed="0" inconclusive="0" skipped="0" asserts="1">
                <test-case id="0-1089" name="FreezeFirstParameterByPropertyWithDifferentNameShouldNotAssignSameInstanceToSecondParameterOfSameType(&quot;c287e799-db0c-47ac-9d5b-49d72c9447a4&quot;,Ploeh.TestTypeFoundation.PropertyHolder`1[System.String])" fullname="Ploeh.AutoFixture.NUnit3.UnitTest.Scenario.FreezeFirstParameterByPropertyWithDifferentNameShouldNotAssignSameInstanceToSecondParameterOfSameType(&quot;c287e799-db0c-47ac-9d5b-49d72c9447a4&quot;,Ploeh.TestTypeFoundation.PropertyHolder`1[System.String])" methodname="FreezeFirstParameterByPropertyWithDifferentNameShouldNotAssignSameInstanceToSecondParameterOfSameType" classname="Ploeh.AutoFixture.NUnit3.UnitTest.Scenario" runstate="Runnable" seed="1900842268" result="Passed" start-time="2016-03-25 23:07:46Z" end-time="2016-03-25 23:07:46Z" duration="0.000314" asserts="1" />
              </test-suite>
              <test-suite type="ParameterizedMethod" id="0-1086" name="FreezeFirstParameterByPropertyWithSameNameShouldAssignSameInstanceToSecondParameter" fullname="Ploeh.AutoFixture.NUnit3.UnitTest.Scenario.FreezeFirstParameterByPropertyWithSameNameShouldAssignSameInstanceToSecondParameter" runstate="Runnable" testcasecount="1" result="Passed" start-time="2016-03-25 23:07:46Z" end-time="2016-03-25 23:07:46Z" duration="0.002460" total="1" passed="1" failed="0" inconclusive="0" skipped="0" asserts="1">
                <test-case id="0-1085" name="FreezeFirstParameterByPropertyWithSameNameShouldAssignSameInstanceToSecondParameter(&quot;36545151-54bc-46ff-ac39-cb45e78ba97c&quot;,Ploeh.TestTypeFoundation.PropertyHolder`1[System.Object])" fullname="Ploeh.AutoFixture.NUnit3.UnitTest.Scenario.FreezeFirstParameterByPropertyWithSameNameShouldAssignSameInstanceToSecondParameter(&quot;36545151-54bc-46ff-ac39-cb45e78ba97c&quot;,Ploeh.TestTypeFoundation.PropertyHolder`1[System.Object])" methodname="FreezeFirstParameterByPropertyWithSameNameShouldAssignSameInstanceToSecondParameter" classname="Ploeh.AutoFixture.NUnit3.UnitTest.Scenario" runstate="Runnable" seed="1938394425" result="Passed" start-time="2016-03-25 23:07:46Z" end-time="2016-03-25 23:07:46Z" duration="0.002122" asserts="1" />
              </test-suite>
              <test-suite type="ParameterizedMethod" id="0-1058" name="FreezeFirstParameterShouldAssignSameInstanceToSecondParameter" fullname="Ploeh.AutoFixture.NUnit3.UnitTest.Scenario.FreezeFirstParameterShouldAssignSameInstanceToSecondParameter" runstate="Runnable" testcasecount="1" result="Passed" start-time="2016-03-25 23:07:46Z" end-time="2016-03-25 23:07:46Z" duration="0.000809" total="1" passed="1" failed="0" inconclusive="0" skipped="0" asserts="1">
                <test-case id="0-1057" name="FreezeFirstParameterShouldAssignSameInstanceToSecondParameter(&quot;cd3a4c47-f053-4224-b507-4feee424447d&quot;,&quot;cd3a4c47-f053-4224-b507-4feee424447d&quot;)" fullname="Ploeh.AutoFixture.NUnit3.UnitTest.Scenario.FreezeFirstParameterShouldAssignSameInstanceToSecondParameter(&quot;cd3a4c47-f053-4224-b507-4feee424447d&quot;,&quot;cd3a4c47-f053-4224-b507-4feee424447d&quot;)" methodname="FreezeFirstParameterShouldAssignSameInstanceToSecondParameter" classname="Ploeh.AutoFixture.NUnit3.UnitTest.Scenario" runstate="Runnable" seed="1045312845" result="Passed" start-time="2016-03-25 23:07:46Z" end-time="2016-03-25 23:07:46Z" duration="0.000455" asserts="1" />
              </test-suite>
              <test-suite type="ParameterizedMethod" id="0-1044" name="FreezeSecondParameterOnlyFreezesSubsequentParameters" fullname="Ploeh.AutoFixture.NUnit3.UnitTest.Scenario.FreezeSecondParameterOnlyFreezesSubsequentParameters" runstate="Runnable" testcasecount="1" result="Passed" start-time="2016-03-25 23:07:46Z" end-time="2016-03-25 23:07:46Z" duration="0.001085" total="1" passed="1" failed="0" inconclusive="0" skipped="0" asserts="3">
                <test-case id="0-1043" name="FreezeSecondParameterOnlyFreezesSubsequentParameters(22e063d5-088a-4218-8aa3-572d8f7122ba,cf3e3812-0d74-473e-84cc-90b20d1a9688,cf3e3812-0d74-473e-84cc-90b20d1a9688)" fullname="Ploeh.AutoFixture.NUnit3.UnitTest.Scenario.FreezeSecondParameterOnlyFreezesSubsequentParameters(22e063d5-088a-4218-8aa3-572d8f7122ba,cf3e3812-0d74-473e-84cc-90b20d1a9688,cf3e3812-0d74-473e-84cc-90b20d1a9688)" methodname="FreezeSecondParameterOnlyFreezesSubsequentParameters" classname="Ploeh.AutoFixture.NUnit3.UnitTest.Scenario" runstate="Runnable" seed="2134314168" result="Passed" start-time="2016-03-25 23:07:46Z" end-time="2016-03-25 23:07:46Z" duration="0.000737" asserts="3" />
              </test-suite>
              <test-suite type="ParameterizedMethod" id="0-1050" name="GreedyCreatesParameterWithGreedyConstructor" fullname="Ploeh.AutoFixture.NUnit3.UnitTest.Scenario.GreedyCreatesParameterWithGreedyConstructor" runstate="Runnable" testcasecount="1" result="Passed" start-time="2016-03-25 23:07:46Z" end-time="2016-03-25 23:07:46Z" duration="0.001022" total="1" passed="1" failed="0" inconclusive="0" skipped="0" asserts="2">
                <test-case id="0-1049" name="GreedyCreatesParameterWithGreedyConstructor(Ploeh.TestTypeFoundation.MultiUnorderedConstructorType)" fullname="Ploeh.AutoFixture.NUnit3.UnitTest.Scenario.GreedyCreatesParameterWithGreedyConstructor(Ploeh.TestTypeFoundation.MultiUnorderedConstructorType)" methodname="GreedyCreatesParameterWithGreedyConstructor" classname="Ploeh.AutoFixture.NUnit3.UnitTest.Scenario" runstate="Runnable" seed="1460000646" result="Passed" start-time="2016-03-25 23:07:46Z" end-time="2016-03-25 23:07:46Z" duration="0.000671" asserts="2" />
              </test-suite>
              <test-suite type="ParameterizedMethod" id="0-1046" name="IntroductoryTest" fullname="Ploeh.AutoFixture.NUnit3.UnitTest.Scenario.IntroductoryTest" runstate="Runnable" testcasecount="1" result="Passed" start-time="2016-03-25 23:07:46Z" end-time="2016-03-25 23:07:46Z" duration="0.000890" total="1" passed="1" failed="0" inconclusive="0" skipped="0" asserts="1">
                <test-case id="0-1045" name="IntroductoryTest(139,Ploeh.AutoFixture.NUnit3.UnitTest.MyClass)" fullname="Ploeh.AutoFixture.NUnit3.UnitTest.Scenario.IntroductoryTest(139,Ploeh.AutoFixture.NUnit3.UnitTest.MyClass)" methodname="IntroductoryTest" classname="Ploeh.AutoFixture.NUnit3.UnitTest.Scenario" runstate="Runnable" seed="262958866" result="Passed" start-time="2016-03-25 23:07:46Z" end-time="2016-03-25 23:07:46Z" duration="0.000539" asserts="1" />
              </test-suite>
              <test-suite type="ParameterizedMethod" id="0-1048" name="ModestCreatesParameterWithModestConstructor" fullname="Ploeh.AutoFixture.NUnit3.UnitTest.Scenario.ModestCreatesParameterWithModestConstructor" runstate="Runnable" testcasecount="1" result="Passed" start-time="2016-03-25 23:07:46Z" end-time="2016-03-25 23:07:46Z" duration="0.001026" total="1" passed="1" failed="0" inconclusive="0" skipped="0" asserts="2">
                <test-case id="0-1047" name="ModestCreatesParameterWithModestConstructor(Ploeh.TestTypeFoundation.MultiUnorderedConstructorType)" fullname="Ploeh.AutoFixture.NUnit3.UnitTest.Scenario.ModestCreatesParameterWithModestConstructor(Ploeh.TestTypeFoundation.MultiUnorderedConstructorType)" methodname="ModestCreatesParameterWithModestConstructor" classname="Ploeh.AutoFixture.NUnit3.UnitTest.Scenario" runstate="Runnable" seed="670081083" result="Passed" start-time="2016-03-25 23:07:46Z" end-time="2016-03-25 23:07:46Z" duration="0.000679" asserts="2" />
              </test-suite>
            </test-suite>
          </test-suite>
        </test-suite>
      </test-suite>
    </test-suite>
  </test-suite>
</test-run>